19:33:13 **** Incremental Build of configuration Debug for project tp3_windows ****
Info: Internal Builder is used for build
gcc -O0 -g3 -Wall -c -fmessage-length=0 -o parser.o "..\\parser.c" 
gcc -O0 -g3 -Wall -c -fmessage-length=0 -o Controller.o "..\\Controller.c" 
gcc -O0 -g3 -Wall -c -fmessage-length=0 -o Passenger.o "..\\Passenger.c" 
gcc -O0 -g3 -Wall -c -fmessage-length=0 -o main.o "..\\main.c" 
gcc "-LD:\\Facultad\\Programación\\1er Cuatrimestre\\Programacion y Laboratorio I\\TP_Laboratoro_1\\tp3_windows" -o tp3_windows.exe Controller.o Menu.o Passenger.o Validations.o main.o parser.o -lLinkedList 
Info: Nothing to build for tp3_windows
Info: Nothing to build for tp3_windows
Info: Nothing to build for tp3_windows
Info: Nothing to build for tp3_windows
Info: Nothing to build for tp3_windows
Info: Nothing to build for tp3_windows
Info: Nothing to build for tp3_windows
Info: Nothing to build for tp3_windows
Info: Nothing to build for tp3_windows
Info: Nothing to build for tp3_windows
Info: Nothing to build for tp3_windows
Info: Nothing to build for tp3_windows
Info: Nothing to build for tp3_windows
Info: Nothing to build for tp3_windows
Info: Nothing to build for tp3_windows
19:40:33 **** Incremental Build of configuration Debug for project tp3_windows ****
Info: Internal Builder is used for build
gcc -O0 -g3 -Wall -c -fmessage-length=0 -o parser.o "..\\parser.c" 
gcc "-LD:\\Facultad\\Programación\\1er Cuatrimestre\\Programacion y Laboratorio I\\TP_Laboratoro_1\\tp3_windows" -o tp3_windows.exe Controller.o Menu.o Passenger.o Validations.o main.o parser.o -lLinkedList 
Info: Nothing to build for tp3_windows
Info: Nothing to build for tp3_windows
19:41:44 **** Incremental Build of configuration Debug for project tp3_windows ****
Info: Internal Builder is used for build
gcc -O0 -g3 -Wall -c -fmessage-length=0 -o parser.o "..\\parser.c" 
gcc "-LD:\\Facultad\\Programación\\1er Cuatrimestre\\Programacion y Laboratorio I\\TP_Laboratoro_1\\tp3_windows" -o tp3_windows.exe Controller.o Menu.o Passenger.o Validations.o main.o parser.o -lLinkedList 
Info: Nothing to build for tp3_windows
Info: Nothing to build for tp3_windows
Info: Nothing to build for tp3_windows
19:43:05 **** Incremental Build of configuration Debug for project tp3_windows ****
Info: Internal Builder is used for build
gcc -O0 -g3 -Wall -c -fmessage-length=0 -o parser.o "..\\parser.c" 
gcc "-LD:\\Facultad\\Programación\\1er Cuatrimestre\\Programacion y Laboratorio I\\TP_Laboratoro_1\\tp3_windows" -o tp3_windows.exe Controller.o Menu.o Passenger.o Validations.o main.o parser.o -lLinkedList 
Info: Nothing to build for tp3_windows
Info: Nothing to build for tp3_windows
Info: Nothing to build for tp3_windows
Info: Nothing to build for tp3_windows
Info: Nothing to build for tp3_windows
Info: Nothing to build for tp3_windows
